<?xml version="1.0" encoding="UTF-8"?>
<!-- Generated by org.testng.reporters.JUnitReportReporter -->
<testsuite skipped="0" hostname="Shifanas-MBP" name="com.qa.tests.AssetChangeDate" tests="1" failures="0" timestamp="24 Nov 2018 00:28:27 GMT" time="28.823" errors="0">
  <testcase name="AssetDateTest" time="28.823" classname="com.qa.tests.AssetChangeDate"/>
</testsuite> <!-- com.qa.tests.AssetChangeDate -->
