<?xml version="1.0" encoding="UTF-8"?>
<!-- Generated by org.testng.reporters.JUnitReportReporter -->
<testsuite skipped="0" hostname="Shifanas-MBP" name="com.qa.tests.SalesforceLogin" tests="1" failures="0" timestamp="23 Nov 2018 00:30:26 GMT" time="26.319" errors="0">
  <testcase name="LoginTest" time="26.319" classname="com.qa.tests.SalesforceLogin"/>
</testsuite> <!-- com.qa.tests.SalesforceLogin -->
